01:01:52 **** Incremental Build of configuration Nios II for project addingSerialPort ****
make all 
Info: Building ../addingSerialPort_bsp/
C:/altera/15.0/nios2eds/bin/gnu/H-x86_64-mingw32/bin/make --no-print-directory -C ../addingSerialPort_bsp/
[BSP build complete]
Info: Compiling initialize_RS232.c to obj/default/initialize_RS232.o
nios2-elf-gcc -xc -MP -MMD -c -I../addingSerialPort_bsp//HAL/inc -I../addingSerialPort_bsp/ -I../addingSerialPort_bsp//drivers/inc  -pipe -D__hal__ -DALT_NO_INSTRUCTION_EMULATION -DALT_SINGLE_THREADED    -O0 -g -Wall   -mhw-div -mhw-mul -mno-hw-mulx  -o obj/default/initialize_RS232.o initialize_RS232.c
initialize_RS232.c:9:1: warning: "/*" within comment [-Wcomment]
 /* Subroutine to initialise the RS232 Port by writing some data
 ^
initialize_RS232.c: In function 'putcharRS232':
initialize_RS232.c:49:12: warning: suggest parentheses around operand of '!' or change '&' to '&&' or '!' to '~' [-Wparentheses]
  while(!0x2&RS232_Status){};
            ^
initialize_RS232.c: In function 'getcharRS232':
initialize_RS232.c:59:12: warning: suggest parentheses around operand of '!' or change '&' to '&&' or '!' to '~' [-Wparentheses]
  while(!0x1&RS232_Status){};
            ^
Info: Linking addingSerialPort.elf
nios2-elf-g++  -T'../addingSerialPort_bsp//linker.x' -msys-crt0='../addingSerialPort_bsp//obj/HAL/src/crt0.o' -msys-lib=hal_bsp -L../addingSerialPort_bsp/   -Wl,-Map=addingSerialPort.map   -O0 -g -Wall   -mhw-div -mhw-mul -mno-hw-mulx  -o addingSerialPort.elf obj/default/hello_world.o obj/default/initialize_RS232.o -lm -msys-lib=m
nios2-elf-insert addingSerialPort.elf --thread_model hal --cpu_name nios2_qsys_0 --qsys true --simulation_enabled false --stderr_dev jtag_uart_0 --stdin_dev jtag_uart_0 --stdout_dev jtag_uart_0 --sopc_system_name nios_system --quartus_project_dir "C:/Users/Little_town/Desktop/CPEN391/Exercise/Exercise3/Exercise3" --jdi C:/Users/Little_town/Desktop/CPEN391/Exercise/Exercise3/Exercise3/software/addingSerialPort_bsp/../../DE1_SOC_NIOS.jdi --sopcinfo C:/Users/Little_town/Desktop/CPEN391/Exercise/Exercise3/Exercise3/software/addingSerialPort_bsp/../../nios_system.sopcinfo
Info: (addingSerialPort.elf) 29 KBytes program size (code + initialized data).
Info:                        65499 KBytes free for stack + heap.
Info: Creating addingSerialPort.objdump
nios2-elf-objdump --disassemble --syms --all-header --source addingSerialPort.elf >addingSerialPort.objdump
[addingSerialPort build complete]

01:01:53 Build Finished (took 1s.449ms)

